<?xml version="1.0" encoding="UTF-8"?>
<testsuite name="kz.jee7.cdi.CreditProcessorDecoratorTest" tests="1" skipped="0" failures="0" errors="0" timestamp="2016-05-03T05:04:53" hostname="Sabirgaliyev_A" time="0.06">
  <properties/>
  <testcase name="shouldProcessTransactionalCredit" classname="kz.jee7.cdi.CreditProcessorDecoratorTest" time="0.06"/>
  <system-out><![CDATA[PremiumCreditProcessor#acquireResource()
processor = kz.jee7.cdi.PremiumCreditProcessor@5cc626b1
PremiumCreditProcessor#releaseResource()
]]></system-out>
  <system-err><![CDATA[55 [Test worker] INFO org.jboss.weld.Version - WELD-000900 1.1.9 (Final)
]]></system-err>
</testsuite>
